2026-02-22T01:18:11.127-05:00  INFO 56092 --- [temple-info] [main] c.e.templeinfo.TempleInfoApplication     : Starting TempleInfoApplication using Java 19.0.2 with PID 56092 (C:\Thiagu\GEMINI_PROJECTS\templeInfo\build\classes\java\main started by alage in C:\Thiagu\GEMINI_PROJECTS\templeInfo)
2026-02-22T01:18:11.128-05:00 DEBUG 56092 --- [temple-info] [main] c.e.templeinfo.TempleInfoApplication     : Running with Spring Boot v3.2.2, Spring v6.1.3
2026-02-22T01:18:11.129-05:00  INFO 56092 --- [temple-info] [main] c.e.templeinfo.TempleInfoApplication     : No active profile set, falling back to 1 default profile: "default"
2026-02-22T01:18:12.185-05:00  INFO 56092 --- [temple-info] [main] o.s.b.w.embedded.tomcat.TomcatWebServer  : Tomcat initialized with port 8080 (http)
2026-02-22T01:18:12.200-05:00  INFO 56092 --- [temple-info] [main] o.apache.catalina.core.StandardService   : Starting service [Tomcat]
2026-02-22T01:18:12.200-05:00  INFO 56092 --- [temple-info] [main] o.apache.catalina.core.StandardEngine    : Starting Servlet engine: [Apache Tomcat/10.1.18]
2026-02-22T01:18:12.276-05:00  INFO 56092 --- [temple-info] [main] o.a.c.c.C.[Tomcat].[localhost].[/]       : Initializing Spring embedded WebApplicationContext
2026-02-22T01:18:12.276-05:00  INFO 56092 --- [temple-info] [main] w.s.c.ServletWebServerApplicationContext : Root WebApplicationContext: initialization completed in 1094 ms
2026-02-22T01:18:12.599-05:00 DEBUG 56092 --- [temple-info] [main] s.w.s.m.m.a.RequestMappingHandlerMapping : 7 mappings in 'requestMappingHandlerMapping'
2026-02-22T01:18:12.655-05:00 DEBUG 56092 --- [temple-info] [main] o.s.w.s.handler.SimpleUrlHandlerMapping  : Patterns [/webjars/**, /**, /swagger-ui*/*swagger-initializer.js, /swagger-ui*/**] in 'resourceHandlerMapping'
2026-02-22T01:18:12.681-05:00 DEBUG 56092 --- [temple-info] [main] s.w.s.m.m.a.RequestMappingHandlerAdapter : ControllerAdvice beans: 0 @ModelAttribute, 0 @InitBinder, 1 RequestBodyAdvice, 1 ResponseBodyAdvice
2026-02-22T01:18:12.709-05:00 DEBUG 56092 --- [temple-info] [main] .m.m.a.ExceptionHandlerExceptionResolver : ControllerAdvice beans: 1 @ExceptionHandler, 1 ResponseBodyAdvice
2026-02-22T01:18:12.854-05:00  INFO 56092 --- [temple-info] [main] o.s.b.w.embedded.tomcat.TomcatWebServer  : Tomcat started on port 8080 (http) with context path ''
2026-02-22T01:18:12.862-05:00  INFO 56092 --- [temple-info] [main] c.e.templeinfo.TempleInfoApplication     : Started TempleInfoApplication in 2.128 seconds (process running for 2.482)
2026-02-22T01:18:37.147-05:00  INFO 56092 --- [temple-info] [http-nio-8080-exec-2] o.a.c.c.C.[Tomcat].[localhost].[/]       : Initializing Spring DispatcherServlet 'dispatcherServlet'
2026-02-22T01:18:37.148-05:00  INFO 56092 --- [temple-info] [http-nio-8080-exec-2] o.s.web.servlet.DispatcherServlet        : Initializing Servlet 'dispatcherServlet'
2026-02-22T01:18:37.148-05:00 DEBUG 56092 --- [temple-info] [http-nio-8080-exec-2] o.s.web.servlet.DispatcherServlet        : Detected StandardServletMultipartResolver
2026-02-22T01:18:37.149-05:00 DEBUG 56092 --- [temple-info] [http-nio-8080-exec-2] o.s.web.servlet.DispatcherServlet        : Detected AcceptHeaderLocaleResolver
2026-02-22T01:18:37.149-05:00 DEBUG 56092 --- [temple-info] [http-nio-8080-exec-2] o.s.web.servlet.DispatcherServlet        : Detected FixedThemeResolver
2026-02-22T01:18:37.150-05:00 DEBUG 56092 --- [temple-info] [http-nio-8080-exec-2] o.s.web.servlet.DispatcherServlet        : Detected org.springframework.web.servlet.view.DefaultRequestToViewNameTranslator@1b91ebed
2026-02-22T01:18:37.151-05:00 DEBUG 56092 --- [temple-info] [http-nio-8080-exec-2] o.s.web.servlet.DispatcherServlet        : Detected org.springframework.web.servlet.support.SessionFlashMapManager@37fb376c
2026-02-22T01:18:37.151-05:00 DEBUG 56092 --- [temple-info] [http-nio-8080-exec-2] o.s.web.servlet.DispatcherServlet        : enableLoggingRequestDetails='false': request parameters and headers will be masked to prevent unsafe logging of potentially sensitive data
2026-02-22T01:18:37.151-05:00  INFO 56092 --- [temple-info] [http-nio-8080-exec-2] o.s.web.servlet.DispatcherServlet        : Completed initialization in 3 ms
2026-02-22T01:18:37.170-05:00 DEBUG 56092 --- [temple-info] [http-nio-8080-exec-2] o.s.web.servlet.DispatcherServlet        : GET "/swagger-ui/index.html", parameters={}
2026-02-22T01:18:37.184-05:00 DEBUG 56092 --- [temple-info] [http-nio-8080-exec-2] o.s.w.s.handler.SimpleUrlHandlerMapping  : Mapped to ResourceHttpRequestHandler [classpath [META-INF/resources/webjars/]]
2026-02-22T01:18:37.226-05:00 DEBUG 56092 --- [temple-info] [http-nio-8080-exec-2] o.s.web.servlet.DispatcherServlet        : Completed 304 NOT_MODIFIED
2026-02-22T01:18:37.306-05:00 DEBUG 56092 --- [temple-info] [http-nio-8080-exec-1] o.s.web.servlet.DispatcherServlet        : GET "/swagger-ui/swagger-initializer.js", parameters={}
2026-02-22T01:18:37.307-05:00 DEBUG 56092 --- [temple-info] [http-nio-8080-exec-1] o.s.w.s.handler.SimpleUrlHandlerMapping  : Mapped to ResourceHttpRequestHandler [classpath [META-INF/resources/webjars/]]
2026-02-22T01:18:37.363-05:00 DEBUG 56092 --- [temple-info] [http-nio-8080-exec-1] o.s.web.servlet.DispatcherServlet        : Completed 200 OK
2026-02-22T01:18:37.488-05:00 DEBUG 56092 --- [temple-info] [http-nio-8080-exec-3] o.s.web.servlet.DispatcherServlet        : GET "/v3/api-docs/swagger-config", parameters={}
2026-02-22T01:18:37.492-05:00 DEBUG 56092 --- [temple-info] [http-nio-8080-exec-3] s.w.s.m.m.a.RequestMappingHandlerMapping : Mapped to org.springdoc.webmvc.ui.SwaggerConfigResource#openapiJson(HttpServletRequest)
2026-02-22T01:18:37.511-05:00 DEBUG 56092 --- [temple-info] [http-nio-8080-exec-3] m.m.a.RequestResponseBodyMethodProcessor : Using 'application/json', given [*/*] and supported [application/json]
2026-02-22T01:18:37.513-05:00 DEBUG 56092 --- [temple-info] [http-nio-8080-exec-3] m.m.a.RequestResponseBodyMethodProcessor : Writing [{configUrl=/v3/api-docs/swagger-config, oauth2RedirectUrl=http://localhost:8080/swagger-ui/oauth2-re (truncated)...]
2026-02-22T01:18:37.519-05:00 DEBUG 56092 --- [temple-info] [http-nio-8080-exec-3] o.s.web.servlet.DispatcherServlet        : Completed 200 OK
2026-02-22T01:18:37.593-05:00 DEBUG 56092 --- [temple-info] [http-nio-8080-exec-4] o.s.web.servlet.DispatcherServlet        : GET "/v3/api-docs", parameters={}
2026-02-22T01:18:37.594-05:00 DEBUG 56092 --- [temple-info] [http-nio-8080-exec-4] s.w.s.m.m.a.RequestMappingHandlerMapping : Mapped to org.springdoc.webmvc.api.OpenApiWebMvcResource#openapiJson(HttpServletRequest, String, Locale)
2026-02-22T01:18:37.957-05:00  INFO 56092 --- [temple-info] [http-nio-8080-exec-4] o.springdoc.api.AbstractOpenApiResource  : Init duration for springdoc-openapi is: 353 ms
2026-02-22T01:18:37.987-05:00 DEBUG 56092 --- [temple-info] [http-nio-8080-exec-4] m.m.a.RequestResponseBodyMethodProcessor : Using 'application/json', given [application/json, */*] and supported [application/json]
2026-02-22T01:18:37.988-05:00 DEBUG 56092 --- [temple-info] [http-nio-8080-exec-4] m.m.a.RequestResponseBodyMethodProcessor : Writing [{123, 34, 111, 112, 101, 110, 97, 112, 105, 34, 58, 34, 51, 46, 48, 46, 49, 34, 44, 34, 105, 110, 10 (truncated)...]
2026-02-22T01:18:37.989-05:00 DEBUG 56092 --- [temple-info] [http-nio-8080-exec-4] o.s.web.servlet.DispatcherServlet        : Completed 200 OK
2026-02-22T01:18:48.661-05:00 DEBUG 56092 --- [temple-info] [http-nio-8080-exec-6] o.s.web.servlet.DispatcherServlet        : POST "/temple-info", parameters={}
2026-02-22T01:18:48.661-05:00 DEBUG 56092 --- [temple-info] [http-nio-8080-exec-6] s.w.s.m.m.a.RequestMappingHandlerMapping : Mapped to com.example.templeinfo.TempleController#getTempleInfo(TempleUrlRequest)
2026-02-22T01:18:48.687-05:00 DEBUG 56092 --- [temple-info] [http-nio-8080-exec-6] m.m.a.RequestResponseBodyMethodProcessor : Read "application/json;charset=UTF-8" to [com.example.templeinfo.TempleUrlRequest@39a0fbbf]
2026-02-22T01:18:49.640-05:00 DEBUG 56092 --- [temple-info] [http-nio-8080-exec-6] o.s.jdbc.core.JdbcTemplate               : Executing prepared SQL query
2026-02-22T01:18:49.642-05:00 DEBUG 56092 --- [temple-info] [http-nio-8080-exec-6] o.s.jdbc.core.JdbcTemplate               : Executing prepared SQL statement [SELECT COUNT(*) FROM temples WHERE id = ?]
2026-02-22T01:18:49.655-05:00  INFO 56092 --- [temple-info] [http-nio-8080-exec-6] com.zaxxer.hikari.HikariDataSource       : HikariPool-1 - Starting...
2026-02-22T01:18:49.928-05:00  INFO 56092 --- [temple-info] [http-nio-8080-exec-6] com.zaxxer.hikari.pool.HikariPool        : HikariPool-1 - Added connection org.postgresql.jdbc.PgConnection@61d77d0d
2026-02-22T01:18:49.932-05:00  INFO 56092 --- [temple-info] [http-nio-8080-exec-6] com.zaxxer.hikari.HikariDataSource       : HikariPool-1 - Start completed.
2026-02-22T01:18:49.990-05:00 DEBUG 56092 --- [temple-info] [http-nio-8080-exec-6] o.s.jdbc.core.JdbcTemplate               : Executing prepared SQL update
2026-02-22T01:18:49.990-05:00 DEBUG 56092 --- [temple-info] [http-nio-8080-exec-6] o.s.jdbc.core.JdbcTemplate               : Executing prepared SQL statement [INSERT INTO temples (id, name, moolavar, urchavar, amman_thayar, thala_virutcham, theertham, agamam_pooja, old_year, historical_name, city, district, state, singers, festival, general_information, address, phone, opening_time, speciality, prayers, thanks_giving, greatness, history, features, hf_lat, hf_lan) VALUES (?, ?, ?, ?, ?, ?, ?, ?, ?, ?, ?, ?, ?, ?, ?, ?, ?, ?, ?, ?, ?, ?, ?, ?, ?, ?, ?)]
2026-02-22T01:18:50.011-05:00 DEBUG 56092 --- [temple-info] [http-nio-8080-exec-6] o.s.w.s.m.m.a.HttpEntityMethodProcessor  : Using 'application/json', given [*/*] and supported [application/json, application/*+json]
2026-02-22T01:18:50.011-05:00 DEBUG 56092 --- [temple-info] [http-nio-8080-exec-6] o.s.w.s.m.m.a.HttpEntityMethodProcessor  : Writing [Temple[id=492, name=sri Chidambaram thillai natarajar temple, moolavar=Thirumoolanathar (moolatanesh (truncated)...]
2026-02-22T01:18:50.015-05:00 DEBUG 56092 --- [temple-info] [http-nio-8080-exec-6] o.s.web.servlet.DispatcherServlet        : Completed 200 OK
2026-02-22T01:20:38.647-05:00  INFO 85212 --- [temple-info] [main] c.e.templeinfo.TempleInfoApplication     : Starting TempleInfoApplication using Java 19.0.2 with PID 85212 (C:\Thiagu\GEMINI_PROJECTS\templeInfo\build\classes\java\main started by alage in C:\Thiagu\GEMINI_PROJECTS\templeInfo)
2026-02-22T01:20:38.648-05:00 DEBUG 85212 --- [temple-info] [main] c.e.templeinfo.TempleInfoApplication     : Running with Spring Boot v3.2.2, Spring v6.1.3
2026-02-22T01:20:38.649-05:00  INFO 85212 --- [temple-info] [main] c.e.templeinfo.TempleInfoApplication     : No active profile set, falling back to 1 default profile: "default"
2026-02-22T01:20:39.607-05:00  INFO 85212 --- [temple-info] [main] o.s.b.w.embedded.tomcat.TomcatWebServer  : Tomcat initialized with port 8080 (http)
2026-02-22T01:20:39.619-05:00  INFO 85212 --- [temple-info] [main] o.apache.catalina.core.StandardService   : Starting service [Tomcat]
2026-02-22T01:20:39.620-05:00  INFO 85212 --- [temple-info] [main] o.apache.catalina.core.StandardEngine    : Starting Servlet engine: [Apache Tomcat/10.1.18]
2026-02-22T01:20:39.680-05:00  INFO 85212 --- [temple-info] [main] o.a.c.c.C.[Tomcat].[localhost].[/]       : Initializing Spring embedded WebApplicationContext
2026-02-22T01:20:39.681-05:00  INFO 85212 --- [temple-info] [main] w.s.c.ServletWebServerApplicationContext : Root WebApplicationContext: initialization completed in 985 ms
2026-02-22T01:20:39.960-05:00 DEBUG 85212 --- [temple-info] [main] s.w.s.m.m.a.RequestMappingHandlerMapping : 7 mappings in 'requestMappingHandlerMapping'
2026-02-22T01:20:40.012-05:00 DEBUG 85212 --- [temple-info] [main] o.s.w.s.handler.SimpleUrlHandlerMapping  : Patterns [/webjars/**, /**, /swagger-ui*/*swagger-initializer.js, /swagger-ui*/**] in 'resourceHandlerMapping'
2026-02-22T01:20:40.036-05:00 DEBUG 85212 --- [temple-info] [main] s.w.s.m.m.a.RequestMappingHandlerAdapter : ControllerAdvice beans: 0 @ModelAttribute, 0 @InitBinder, 1 RequestBodyAdvice, 1 ResponseBodyAdvice
2026-02-22T01:20:40.064-05:00 DEBUG 85212 --- [temple-info] [main] .m.m.a.ExceptionHandlerExceptionResolver : ControllerAdvice beans: 1 @ExceptionHandler, 1 ResponseBodyAdvice
2026-02-22T01:20:40.201-05:00  INFO 85212 --- [temple-info] [main] o.s.b.w.embedded.tomcat.TomcatWebServer  : Tomcat started on port 8080 (http) with context path ''
2026-02-22T01:20:40.209-05:00  INFO 85212 --- [temple-info] [main] c.e.templeinfo.TempleInfoApplication     : Started TempleInfoApplication in 1.913 seconds (process running for 2.263)
2026-02-22T01:21:11.853-05:00  INFO 85212 --- [temple-info] [http-nio-8080-exec-1] o.a.c.c.C.[Tomcat].[localhost].[/]       : Initializing Spring DispatcherServlet 'dispatcherServlet'
2026-02-22T01:21:11.854-05:00  INFO 85212 --- [temple-info] [http-nio-8080-exec-1] o.s.web.servlet.DispatcherServlet        : Initializing Servlet 'dispatcherServlet'
2026-02-22T01:21:11.854-05:00 DEBUG 85212 --- [temple-info] [http-nio-8080-exec-1] o.s.web.servlet.DispatcherServlet        : Detected StandardServletMultipartResolver
2026-02-22T01:21:11.855-05:00 DEBUG 85212 --- [temple-info] [http-nio-8080-exec-1] o.s.web.servlet.DispatcherServlet        : Detected AcceptHeaderLocaleResolver
2026-02-22T01:21:11.855-05:00 DEBUG 85212 --- [temple-info] [http-nio-8080-exec-1] o.s.web.servlet.DispatcherServlet        : Detected FixedThemeResolver
2026-02-22T01:21:11.856-05:00 DEBUG 85212 --- [temple-info] [http-nio-8080-exec-1] o.s.web.servlet.DispatcherServlet        : Detected org.springframework.web.servlet.view.DefaultRequestToViewNameTranslator@5908af19
2026-02-22T01:21:11.858-05:00 DEBUG 85212 --- [temple-info] [http-nio-8080-exec-1] o.s.web.servlet.DispatcherServlet        : Detected org.springframework.web.servlet.support.SessionFlashMapManager@6777a9f3
2026-02-22T01:21:11.859-05:00 DEBUG 85212 --- [temple-info] [http-nio-8080-exec-1] o.s.web.servlet.DispatcherServlet        : enableLoggingRequestDetails='false': request parameters and headers will be masked to prevent unsafe logging of potentially sensitive data
2026-02-22T01:21:11.859-05:00  INFO 85212 --- [temple-info] [http-nio-8080-exec-1] o.s.web.servlet.DispatcherServlet        : Completed initialization in 5 ms
2026-02-22T01:21:11.870-05:00 DEBUG 85212 --- [temple-info] [http-nio-8080-exec-1] o.s.web.servlet.DispatcherServlet        : GET "/swagger-ui/index.html", parameters={}
2026-02-22T01:21:11.879-05:00 DEBUG 85212 --- [temple-info] [http-nio-8080-exec-1] o.s.w.s.handler.SimpleUrlHandlerMapping  : Mapped to ResourceHttpRequestHandler [classpath [META-INF/resources/webjars/]]
2026-02-22T01:21:11.908-05:00 DEBUG 85212 --- [temple-info] [http-nio-8080-exec-1] o.s.web.servlet.DispatcherServlet        : Completed 304 NOT_MODIFIED
2026-02-22T01:21:11.953-05:00 DEBUG 85212 --- [temple-info] [http-nio-8080-exec-2] o.s.web.servlet.DispatcherServlet        : GET "/swagger-ui/swagger-initializer.js", parameters={}
2026-02-22T01:21:11.955-05:00 DEBUG 85212 --- [temple-info] [http-nio-8080-exec-2] o.s.w.s.handler.SimpleUrlHandlerMapping  : Mapped to ResourceHttpRequestHandler [classpath [META-INF/resources/webjars/]]
2026-02-22T01:21:12.001-05:00 DEBUG 85212 --- [temple-info] [http-nio-8080-exec-2] o.s.web.servlet.DispatcherServlet        : Completed 200 OK
2026-02-22T01:21:12.039-05:00 DEBUG 85212 --- [temple-info] [http-nio-8080-exec-4] o.s.web.servlet.DispatcherServlet        : GET "/v3/api-docs/swagger-config", parameters={}
2026-02-22T01:21:12.041-05:00 DEBUG 85212 --- [temple-info] [http-nio-8080-exec-4] s.w.s.m.m.a.RequestMappingHandlerMapping : Mapped to org.springdoc.webmvc.ui.SwaggerConfigResource#openapiJson(HttpServletRequest)
2026-02-22T01:21:12.064-05:00 DEBUG 85212 --- [temple-info] [http-nio-8080-exec-4] m.m.a.RequestResponseBodyMethodProcessor : Using 'application/json', given [*/*] and supported [application/json]
2026-02-22T01:21:12.066-05:00 DEBUG 85212 --- [temple-info] [http-nio-8080-exec-4] m.m.a.RequestResponseBodyMethodProcessor : Writing [{configUrl=/v3/api-docs/swagger-config, oauth2RedirectUrl=http://localhost:8080/swagger-ui/oauth2-re (truncated)...]
2026-02-22T01:21:12.073-05:00 DEBUG 85212 --- [temple-info] [http-nio-8080-exec-4] o.s.web.servlet.DispatcherServlet        : Completed 200 OK
2026-02-22T01:21:12.122-05:00 DEBUG 85212 --- [temple-info] [http-nio-8080-exec-5] o.s.web.servlet.DispatcherServlet        : GET "/v3/api-docs", parameters={}
2026-02-22T01:21:12.122-05:00 DEBUG 85212 --- [temple-info] [http-nio-8080-exec-5] s.w.s.m.m.a.RequestMappingHandlerMapping : Mapped to org.springdoc.webmvc.api.OpenApiWebMvcResource#openapiJson(HttpServletRequest, String, Locale)
2026-02-22T01:21:12.545-05:00  INFO 85212 --- [temple-info] [http-nio-8080-exec-5] o.springdoc.api.AbstractOpenApiResource  : Init duration for springdoc-openapi is: 403 ms
2026-02-22T01:21:12.589-05:00 DEBUG 85212 --- [temple-info] [http-nio-8080-exec-5] m.m.a.RequestResponseBodyMethodProcessor : Using 'application/json', given [application/json, */*] and supported [application/json]
2026-02-22T01:21:12.591-05:00 DEBUG 85212 --- [temple-info] [http-nio-8080-exec-5] m.m.a.RequestResponseBodyMethodProcessor : Writing [{123, 34, 111, 112, 101, 110, 97, 112, 105, 34, 58, 34, 51, 46, 48, 46, 49, 34, 44, 34, 105, 110, 10 (truncated)...]
2026-02-22T01:21:12.593-05:00 DEBUG 85212 --- [temple-info] [http-nio-8080-exec-5] o.s.web.servlet.DispatcherServlet        : Completed 200 OK
2026-02-22T01:21:22.569-05:00 DEBUG 85212 --- [temple-info] [http-nio-8080-exec-6] o.s.web.servlet.DispatcherServlet        : POST "/temple-info", parameters={}
2026-02-22T01:21:22.569-05:00 DEBUG 85212 --- [temple-info] [http-nio-8080-exec-6] s.w.s.m.m.a.RequestMappingHandlerMapping : Mapped to com.example.templeinfo.TempleController#getTempleInfo(TempleUrlRequest)
2026-02-22T01:21:22.591-05:00 DEBUG 85212 --- [temple-info] [http-nio-8080-exec-6] m.m.a.RequestResponseBodyMethodProcessor : Read "application/json;charset=UTF-8" to [com.example.templeinfo.TempleUrlRequest@6a5834d0]
2026-02-22T01:21:23.368-05:00 DEBUG 85212 --- [temple-info] [http-nio-8080-exec-6] o.s.jdbc.core.JdbcTemplate               : Executing prepared SQL query
2026-02-22T01:21:23.369-05:00 DEBUG 85212 --- [temple-info] [http-nio-8080-exec-6] o.s.jdbc.core.JdbcTemplate               : Executing prepared SQL statement [SELECT COUNT(*) FROM temples WHERE id = ?]
2026-02-22T01:21:23.376-05:00  INFO 85212 --- [temple-info] [http-nio-8080-exec-6] com.zaxxer.hikari.HikariDataSource       : HikariPool-1 - Starting...
2026-02-22T01:21:23.679-05:00  INFO 85212 --- [temple-info] [http-nio-8080-exec-6] com.zaxxer.hikari.pool.HikariPool        : HikariPool-1 - Added connection org.postgresql.jdbc.PgConnection@67343c2f
2026-02-22T01:21:23.682-05:00  INFO 85212 --- [temple-info] [http-nio-8080-exec-6] com.zaxxer.hikari.HikariDataSource       : HikariPool-1 - Start completed.
2026-02-22T01:21:23.724-05:00 DEBUG 85212 --- [temple-info] [http-nio-8080-exec-6] o.s.jdbc.core.JdbcTemplate               : Executing prepared SQL update
2026-02-22T01:21:23.725-05:00 DEBUG 85212 --- [temple-info] [http-nio-8080-exec-6] o.s.jdbc.core.JdbcTemplate               : Executing prepared SQL statement [INSERT INTO temples (id, name, moolavar, urchavar, amman_thayar, thala_virutcham, theertham, agamam_pooja, old_year, historical_name, city, district, state, singers, festival, general_information, address, phone, opening_time, speciality, prayers, thanks_giving, greatness, history, features, hf_lat, hf_lan) VALUES (?, ?, ?, ?, ?, ?, ?, ?, ?, ?, ?, ?, ?, ?, ?, ?, ?, ?, ?, ?, ?, ?, ?, ?, ?, ?, ?)]
2026-02-22T01:21:23.769-05:00 DEBUG 85212 --- [temple-info] [http-nio-8080-exec-6] o.s.w.s.m.m.a.HttpEntityMethodProcessor  : Using 'application/json', given [*/*] and supported [application/json, application/*+json]
2026-02-22T01:21:23.769-05:00 DEBUG 85212 --- [temple-info] [http-nio-8080-exec-6] o.s.w.s.m.m.a.HttpEntityMethodProcessor  : Writing [Temple[id=22, name=sri Arunachaleswar temple, moolavar=Arunachaleswar, Annamalaiar, urchavar=-, amma (truncated)...]
2026-02-22T01:21:23.775-05:00 DEBUG 85212 --- [temple-info] [http-nio-8080-exec-6] o.s.web.servlet.DispatcherServlet        : Completed 200 OK
2026-02-22T01:22:11.996-05:00 DEBUG 85212 --- [temple-info] [http-nio-8080-exec-8] o.s.web.servlet.DispatcherServlet        : POST "/temple-info", parameters={}
2026-02-22T01:22:11.997-05:00 DEBUG 85212 --- [temple-info] [http-nio-8080-exec-8] s.w.s.m.m.a.RequestMappingHandlerMapping : Mapped to com.example.templeinfo.TempleController#getTempleInfo(TempleUrlRequest)
2026-02-22T01:22:11.999-05:00 DEBUG 85212 --- [temple-info] [http-nio-8080-exec-8] m.m.a.RequestResponseBodyMethodProcessor : Read "application/json;charset=UTF-8" to [com.example.templeinfo.TempleUrlRequest@777b3067]
2026-02-22T01:22:12.252-05:00 DEBUG 85212 --- [temple-info] [http-nio-8080-exec-8] o.s.jdbc.core.JdbcTemplate               : Executing prepared SQL query
2026-02-22T01:22:12.252-05:00 DEBUG 85212 --- [temple-info] [http-nio-8080-exec-8] o.s.jdbc.core.JdbcTemplate               : Executing prepared SQL statement [SELECT COUNT(*) FROM temples WHERE id = ?]
2026-02-22T01:22:12.253-05:00 DEBUG 85212 --- [temple-info] [http-nio-8080-exec-8] o.s.jdbc.core.JdbcTemplate               : Executing prepared SQL update
2026-02-22T01:22:12.254-05:00 DEBUG 85212 --- [temple-info] [http-nio-8080-exec-8] o.s.jdbc.core.JdbcTemplate               : Executing prepared SQL statement [UPDATE temples SET name = ?, moolavar = ?, urchavar = ?, amman_thayar = ?, thala_virutcham = ?, theertham = ?, agamam_pooja = ?, old_year = ?, historical_name = ?, city = ?, district = ?, state = ?, singers = ?, festival = ?, general_information = ?, address = ?, phone = ?, opening_time = ?, speciality = ?, prayers = ?, thanks_giving = ?, greatness = ?, history = ?, features = ?, hf_lat = ?, hf_lan = ? WHERE id = ?]
2026-02-22T01:22:12.262-05:00 DEBUG 85212 --- [temple-info] [http-nio-8080-exec-8] o.s.w.s.m.m.a.HttpEntityMethodProcessor  : Using 'application/json', given [*/*] and supported [application/json, application/*+json]
2026-02-22T01:22:12.263-05:00 DEBUG 85212 --- [temple-info] [http-nio-8080-exec-8] o.s.w.s.m.m.a.HttpEntityMethodProcessor  : Writing [Temple[id=492, name=sri Chidambaram thillai natarajar temple, moolavar=Thirumoolanathar (moolatanesh (truncated)...]
2026-02-22T01:22:12.266-05:00 DEBUG 85212 --- [temple-info] [http-nio-8080-exec-8] o.s.web.servlet.DispatcherServlet        : Completed 200 OK
2026-02-22T01:26:52.557-05:00  INFO 35988 --- [temple-info] [main] c.e.templeinfo.TempleInfoApplication     : Starting TempleInfoApplication using Java 19.0.2 with PID 35988 (C:\Thiagu\GEMINI_PROJECTS\templeInfo\build\classes\java\main started by alage in C:\Thiagu\GEMINI_PROJECTS\templeInfo)
2026-02-22T01:26:52.558-05:00 DEBUG 35988 --- [temple-info] [main] c.e.templeinfo.TempleInfoApplication     : Running with Spring Boot v3.2.2, Spring v6.1.3
2026-02-22T01:26:52.559-05:00  INFO 35988 --- [temple-info] [main] c.e.templeinfo.TempleInfoApplication     : No active profile set, falling back to 1 default profile: "default"
2026-02-22T01:26:53.497-05:00  INFO 35988 --- [temple-info] [main] o.s.b.w.embedded.tomcat.TomcatWebServer  : Tomcat initialized with port 8080 (http)
2026-02-22T01:26:53.509-05:00  INFO 35988 --- [temple-info] [main] o.apache.catalina.core.StandardService   : Starting service [Tomcat]
2026-02-22T01:26:53.509-05:00  INFO 35988 --- [temple-info] [main] o.apache.catalina.core.StandardEngine    : Starting Servlet engine: [Apache Tomcat/10.1.18]
2026-02-22T01:26:53.565-05:00  INFO 35988 --- [temple-info] [main] o.a.c.c.C.[Tomcat].[localhost].[/]       : Initializing Spring embedded WebApplicationContext
2026-02-22T01:26:53.566-05:00  INFO 35988 --- [temple-info] [main] w.s.c.ServletWebServerApplicationContext : Root WebApplicationContext: initialization completed in 961 ms
2026-02-22T01:26:53.841-05:00 DEBUG 35988 --- [temple-info] [main] s.w.s.m.m.a.RequestMappingHandlerMapping : 7 mappings in 'requestMappingHandlerMapping'
2026-02-22T01:26:53.892-05:00 DEBUG 35988 --- [temple-info] [main] o.s.w.s.handler.SimpleUrlHandlerMapping  : Patterns [/webjars/**, /**, /swagger-ui*/*swagger-initializer.js, /swagger-ui*/**] in 'resourceHandlerMapping'
2026-02-22T01:26:53.912-05:00 DEBUG 35988 --- [temple-info] [main] s.w.s.m.m.a.RequestMappingHandlerAdapter : ControllerAdvice beans: 0 @ModelAttribute, 0 @InitBinder, 1 RequestBodyAdvice, 1 ResponseBodyAdvice
2026-02-22T01:26:53.940-05:00 DEBUG 35988 --- [temple-info] [main] .m.m.a.ExceptionHandlerExceptionResolver : ControllerAdvice beans: 1 @ExceptionHandler, 1 ResponseBodyAdvice
2026-02-22T01:26:54.072-05:00  INFO 35988 --- [temple-info] [main] o.s.b.w.embedded.tomcat.TomcatWebServer  : Tomcat started on port 8080 (http) with context path ''
2026-02-22T01:26:54.080-05:00  INFO 35988 --- [temple-info] [main] c.e.templeinfo.TempleInfoApplication     : Started TempleInfoApplication in 1.881 seconds (process running for 2.251)
2026-02-22T01:27:12.868-05:00  INFO 35988 --- [temple-info] [http-nio-8080-exec-1] o.a.c.c.C.[Tomcat].[localhost].[/]       : Initializing Spring DispatcherServlet 'dispatcherServlet'
2026-02-22T01:27:12.868-05:00  INFO 35988 --- [temple-info] [http-nio-8080-exec-1] o.s.web.servlet.DispatcherServlet        : Initializing Servlet 'dispatcherServlet'
2026-02-22T01:27:12.869-05:00 DEBUG 35988 --- [temple-info] [http-nio-8080-exec-1] o.s.web.servlet.DispatcherServlet        : Detected StandardServletMultipartResolver
2026-02-22T01:27:12.869-05:00 DEBUG 35988 --- [temple-info] [http-nio-8080-exec-1] o.s.web.servlet.DispatcherServlet        : Detected AcceptHeaderLocaleResolver
2026-02-22T01:27:12.869-05:00 DEBUG 35988 --- [temple-info] [http-nio-8080-exec-1] o.s.web.servlet.DispatcherServlet        : Detected FixedThemeResolver
2026-02-22T01:27:12.870-05:00 DEBUG 35988 --- [temple-info] [http-nio-8080-exec-1] o.s.web.servlet.DispatcherServlet        : Detected org.springframework.web.servlet.view.DefaultRequestToViewNameTranslator@30334580
2026-02-22T01:27:12.871-05:00 DEBUG 35988 --- [temple-info] [http-nio-8080-exec-1] o.s.web.servlet.DispatcherServlet        : Detected org.springframework.web.servlet.support.SessionFlashMapManager@5627dd5
2026-02-22T01:27:12.871-05:00 DEBUG 35988 --- [temple-info] [http-nio-8080-exec-1] o.s.web.servlet.DispatcherServlet        : enableLoggingRequestDetails='false': request parameters and headers will be masked to prevent unsafe logging of potentially sensitive data
2026-02-22T01:27:12.872-05:00  INFO 35988 --- [temple-info] [http-nio-8080-exec-1] o.s.web.servlet.DispatcherServlet        : Completed initialization in 3 ms
2026-02-22T01:27:12.881-05:00 DEBUG 35988 --- [temple-info] [http-nio-8080-exec-1] o.s.web.servlet.DispatcherServlet        : GET "/swagger-ui/index.html", parameters={}
2026-02-22T01:27:12.897-05:00 DEBUG 35988 --- [temple-info] [http-nio-8080-exec-1] o.s.w.s.handler.SimpleUrlHandlerMapping  : Mapped to ResourceHttpRequestHandler [classpath [META-INF/resources/webjars/]]
2026-02-22T01:27:12.940-05:00 DEBUG 35988 --- [temple-info] [http-nio-8080-exec-1] o.s.web.servlet.DispatcherServlet        : Completed 304 NOT_MODIFIED
2026-02-22T01:27:12.968-05:00 DEBUG 35988 --- [temple-info] [http-nio-8080-exec-2] o.s.web.servlet.DispatcherServlet        : GET "/swagger-ui/swagger-initializer.js", parameters={}
2026-02-22T01:27:12.969-05:00 DEBUG 35988 --- [temple-info] [http-nio-8080-exec-2] o.s.w.s.handler.SimpleUrlHandlerMapping  : Mapped to ResourceHttpRequestHandler [classpath [META-INF/resources/webjars/]]
2026-02-22T01:27:13.019-05:00 DEBUG 35988 --- [temple-info] [http-nio-8080-exec-2] o.s.web.servlet.DispatcherServlet        : Completed 200 OK
2026-02-22T01:27:13.108-05:00 DEBUG 35988 --- [temple-info] [http-nio-8080-exec-5] o.s.web.servlet.DispatcherServlet        : GET "/v3/api-docs/swagger-config", parameters={}
2026-02-22T01:27:13.111-05:00 DEBUG 35988 --- [temple-info] [http-nio-8080-exec-5] s.w.s.m.m.a.RequestMappingHandlerMapping : Mapped to org.springdoc.webmvc.ui.SwaggerConfigResource#openapiJson(HttpServletRequest)
2026-02-22T01:27:13.134-05:00 DEBUG 35988 --- [temple-info] [http-nio-8080-exec-5] m.m.a.RequestResponseBodyMethodProcessor : Using 'application/json', given [*/*] and supported [application/json]
2026-02-22T01:27:13.137-05:00 DEBUG 35988 --- [temple-info] [http-nio-8080-exec-5] m.m.a.RequestResponseBodyMethodProcessor : Writing [{configUrl=/v3/api-docs/swagger-config, oauth2RedirectUrl=http://localhost:8080/swagger-ui/oauth2-re (truncated)...]
2026-02-22T01:27:13.147-05:00 DEBUG 35988 --- [temple-info] [http-nio-8080-exec-5] o.s.web.servlet.DispatcherServlet        : Completed 200 OK
2026-02-22T01:27:13.189-05:00 DEBUG 35988 --- [temple-info] [http-nio-8080-exec-4] o.s.web.servlet.DispatcherServlet        : GET "/v3/api-docs", parameters={}
2026-02-22T01:27:13.190-05:00 DEBUG 35988 --- [temple-info] [http-nio-8080-exec-4] s.w.s.m.m.a.RequestMappingHandlerMapping : Mapped to org.springdoc.webmvc.api.OpenApiWebMvcResource#openapiJson(HttpServletRequest, String, Locale)
2026-02-22T01:27:13.540-05:00  INFO 35988 --- [temple-info] [http-nio-8080-exec-4] o.springdoc.api.AbstractOpenApiResource  : Init duration for springdoc-openapi is: 333 ms
2026-02-22T01:27:13.561-05:00 DEBUG 35988 --- [temple-info] [http-nio-8080-exec-4] m.m.a.RequestResponseBodyMethodProcessor : Using 'application/json', given [application/json, */*] and supported [application/json]
2026-02-22T01:27:13.562-05:00 DEBUG 35988 --- [temple-info] [http-nio-8080-exec-4] m.m.a.RequestResponseBodyMethodProcessor : Writing [{123, 34, 111, 112, 101, 110, 97, 112, 105, 34, 58, 34, 51, 46, 48, 46, 49, 34, 44, 34, 105, 110, 10 (truncated)...]
2026-02-22T01:27:13.562-05:00 DEBUG 35988 --- [temple-info] [http-nio-8080-exec-4] o.s.web.servlet.DispatcherServlet        : Completed 200 OK
2026-02-22T01:28:18.732-05:00 DEBUG 35988 --- [temple-info] [http-nio-8080-exec-6] o.s.web.servlet.DispatcherServlet        : POST "/temple-info", parameters={}
2026-02-22T01:28:18.733-05:00 DEBUG 35988 --- [temple-info] [http-nio-8080-exec-6] s.w.s.m.m.a.RequestMappingHandlerMapping : Mapped to com.example.templeinfo.TempleController#getTempleInfo(TempleUrlRequest)
2026-02-22T01:28:18.755-05:00 DEBUG 35988 --- [temple-info] [http-nio-8080-exec-6] m.m.a.RequestResponseBodyMethodProcessor : Read "application/json;charset=UTF-8" to [com.example.templeinfo.TempleUrlRequest@4b04ef96]
2026-02-22T01:28:19.550-05:00 DEBUG 35988 --- [temple-info] [http-nio-8080-exec-6] o.s.jdbc.core.JdbcTemplate               : Executing prepared SQL query
2026-02-22T01:28:19.553-05:00 DEBUG 35988 --- [temple-info] [http-nio-8080-exec-6] o.s.jdbc.core.JdbcTemplate               : Executing prepared SQL statement [SELECT COUNT(*) FROM temples WHERE id = ?]
2026-02-22T01:28:19.558-05:00  INFO 35988 --- [temple-info] [http-nio-8080-exec-6] com.zaxxer.hikari.HikariDataSource       : HikariPool-1 - Starting...
2026-02-22T01:28:19.773-05:00  INFO 35988 --- [temple-info] [http-nio-8080-exec-6] com.zaxxer.hikari.pool.HikariPool        : HikariPool-1 - Added connection org.postgresql.jdbc.PgConnection@dcca477
2026-02-22T01:28:19.775-05:00  INFO 35988 --- [temple-info] [http-nio-8080-exec-6] com.zaxxer.hikari.HikariDataSource       : HikariPool-1 - Start completed.
2026-02-22T01:28:19.803-05:00 DEBUG 35988 --- [temple-info] [http-nio-8080-exec-6] o.s.jdbc.core.JdbcTemplate               : Executing prepared SQL update
2026-02-22T01:28:19.804-05:00 DEBUG 35988 --- [temple-info] [http-nio-8080-exec-6] o.s.jdbc.core.JdbcTemplate               : Executing prepared SQL statement [INSERT INTO temples (id, name, moolavar, urchavar, amman_thayar, thala_virutcham, theertham, agamam_pooja, old_year, historical_name, city, district, state, singers, festival, general_information, address, phone, opening_time, speciality, prayers, thanks_giving, greatness, history, features, hf_lat, hf_lan) VALUES (?, ?, ?, ?, ?, ?, ?, ?, ?, ?, ?, ?, ?, ?, ?, ?, ?, ?, ?, ?, ?, ?, ?, ?, ?, ?, ?)]
2026-02-22T01:28:19.852-05:00 DEBUG 35988 --- [temple-info] [http-nio-8080-exec-6] o.s.w.s.m.m.a.HttpEntityMethodProcessor  : Using 'application/json', given [*/*] and supported [application/json, application/*+json]
2026-02-22T01:28:19.854-05:00 DEBUG 35988 --- [temple-info] [http-nio-8080-exec-6] o.s.w.s.m.m.a.HttpEntityMethodProcessor  : Writing [Temple[id=2133, name=sri Ekambareswarar temple, moolavar=Ekambareswarar, urchavar=-, ammanThayar=Kal (truncated)...]
2026-02-22T01:28:19.861-05:00 DEBUG 35988 --- [temple-info] [http-nio-8080-exec-6] o.s.web.servlet.DispatcherServlet        : Completed 200 OK
2026-02-22T01:29:05.749-05:00 DEBUG 35988 --- [temple-info] [http-nio-8080-exec-8] o.s.web.servlet.DispatcherServlet        : POST "/temple-info", parameters={}
2026-02-22T01:29:05.750-05:00 DEBUG 35988 --- [temple-info] [http-nio-8080-exec-8] s.w.s.m.m.a.RequestMappingHandlerMapping : Mapped to com.example.templeinfo.TempleController#getTempleInfo(TempleUrlRequest)
2026-02-22T01:29:05.751-05:00 DEBUG 35988 --- [temple-info] [http-nio-8080-exec-8] m.m.a.RequestResponseBodyMethodProcessor : Read "application/json;charset=UTF-8" to [com.example.templeinfo.TempleUrlRequest@3f2a2209]
2026-02-22T01:29:05.990-05:00 DEBUG 35988 --- [temple-info] [http-nio-8080-exec-8] o.s.jdbc.core.JdbcTemplate               : Executing prepared SQL query
2026-02-22T01:29:05.990-05:00 DEBUG 35988 --- [temple-info] [http-nio-8080-exec-8] o.s.jdbc.core.JdbcTemplate               : Executing prepared SQL statement [SELECT COUNT(*) FROM temples WHERE id = ?]
2026-02-22T01:29:05.993-05:00 DEBUG 35988 --- [temple-info] [http-nio-8080-exec-8] o.s.jdbc.core.JdbcTemplate               : Executing prepared SQL update
2026-02-22T01:29:05.993-05:00 DEBUG 35988 --- [temple-info] [http-nio-8080-exec-8] o.s.jdbc.core.JdbcTemplate               : Executing prepared SQL statement [UPDATE temples SET name = ?, moolavar = ?, urchavar = ?, amman_thayar = ?, thala_virutcham = ?, theertham = ?, agamam_pooja = ?, old_year = ?, historical_name = ?, city = ?, district = ?, state = ?, singers = ?, festival = ?, general_information = ?, address = ?, phone = ?, opening_time = ?, speciality = ?, prayers = ?, thanks_giving = ?, greatness = ?, history = ?, features = ?, hf_lat = ?, hf_lan = ? WHERE id = ?]
2026-02-22T01:29:06.001-05:00 DEBUG 35988 --- [temple-info] [http-nio-8080-exec-8] o.s.w.s.m.m.a.HttpEntityMethodProcessor  : Using 'application/json', given [*/*] and supported [application/json, application/*+json]
2026-02-22T01:29:06.001-05:00 DEBUG 35988 --- [temple-info] [http-nio-8080-exec-8] o.s.w.s.m.m.a.HttpEntityMethodProcessor  : Writing [Temple[id=2133, name=sri Ekambareswarar temple, moolavar=Ekambareswarar, urchavar=-, ammanThayar=Kal (truncated)...]
2026-02-22T01:29:06.002-05:00 DEBUG 35988 --- [temple-info] [http-nio-8080-exec-8] o.s.web.servlet.DispatcherServlet        : Completed 200 OK
